<?xml version="1.0" encoding="UTF-8"?>
<testsuite xmlns:xsi="http://www.w3.org/2001/XMLSchema-instance" xsi:noNamespaceSchemaLocation="https://maven.apache.org/surefire/maven-surefire-plugin/xsd/surefire-test-report-3.0.xsd" version="3.0" name="ClassesTeste.LivroTesteTest" time="0.029" tests="9" errors="0" skipped="0" failures="0">
  <properties>
[...]
</properties>
  <testcase name="testGetAutor" classname="ClassesTeste.LivroTesteTest" time="0.001"/>
  <testcase name="testGetId" classname="ClassesTeste.LivroTesteTest" time="0.001"/>
  <testcase name="testGetNome" classname="ClassesTeste.LivroTesteTest" time="0.001"/>
  <testcase name="testGetQtdEstoque" classname="ClassesTeste.LivroTesteTest" time="0.002"/>
  <testcase name="testSetQtdEstoque" classname="ClassesTeste.LivroTesteTest" time="0.002"/>
  <testcase name="testSetGenero" classname="ClassesTeste.LivroTesteTest" time="0.002"/>
  <testcase name="testGetGenero" classname="ClassesTeste.LivroTesteTest" time="0.001"/>
  <testcase name="testSetNome" classname="ClassesTeste.LivroTesteTest" time="0.001"/>
  <testcase name="testSetAutor" classname="ClassesTeste.LivroTesteTest" time="0.001"/>
</testsuite>