<?xml version="1.0" encoding="UTF-8"?>
<testsuite xmlns:xsi="http://www.w3.org/2001/XMLSchema-instance" xsi:noNamespaceSchemaLocation="https://maven.apache.org/surefire/maven-surefire-plugin/xsd/surefire-test-report-3.0.xsd" version="3.0" name="ClassesTeste.ClienteTesteTest" time="0.02" tests="13" errors="0" skipped="0" failures="0">
  <properties>
[...]
</properties>
  <testcase name="testGetNumEmprestimos" classname="ClassesTeste.ClienteTesteTest" time="0.001"/>
  <testcase name="testCriarCliente" classname="ClassesTeste.ClienteTesteTest" time="0.001"/>
  <testcase name="testEhCaloteiro_boolean" classname="ClassesTeste.ClienteTesteTest" time="0.001"/>
  <testcase name="testGetNome" classname="ClassesTeste.ClienteTesteTest" time="0.001"/>
  <testcase name="testSetCidade" classname="ClassesTeste.ClienteTesteTest" time="0.001"/>
  <testcase name="testSetEstado" classname="ClassesTeste.ClienteTesteTest" time="0.001"/>
  <testcase name="testGetCidade" classname="ClassesTeste.ClienteTesteTest" time="0.0"/>
  <testcase name="testGetEstado" classname="ClassesTeste.ClienteTesteTest" time="0.001"/>
  <testcase name="testGetCPF" classname="ClassesTeste.ClienteTesteTest" time="0.001"/>
  <testcase name="testSetNome" classname="ClassesTeste.ClienteTesteTest" time="0.001"/>
  <testcase name="testSetCPF" classname="ClassesTeste.ClienteTesteTest" time="0.001"/>
  <testcase name="testSetNumEmprestimos" classname="ClassesTeste.ClienteTesteTest" time="0.001"/>
  <testcase name="testEhCaloteiro_0args" classname="ClassesTeste.ClienteTesteTest" time="0.002"/>
</testsuite>